Build started 5/3/2019 10:43:14 PM.
     1>Project "C:\Users\Abdullah Chaudhary\documents\visual studio 2012\Projects\DSProject\DSProject\DSProject.vcxproj" on node 2 (Build target(s)).
     1>ClCompile:
         C:\Program Files (x86)\Microsoft Visual Studio 11.0\VC\bin\CL.exe /c /ZI /nologo /W3 /WX- /Od /Oy- /D WIN32 /D _DEBUG /D _CONSOLE /D _UNICODE /D UNICODE /Gm /EHsc /RTC1 /MDd /GS /fp:precise /Zc:wchar_t /Zc:forScope /Fo"Debug\\" /Fd"Debug\vc110.pdb" /Gd /TP /analyze- /errorReport:prompt Source.cpp
         Source.cpp
     1>c:\users\abdullah chaudhary\documents\visual studio 2012\projects\dsproject\dsproject\source.cpp(271): warning C4101: 'temp' : unreferenced local variable
     1>c:\users\abdullah chaudhary\documents\visual studio 2012\projects\dsproject\dsproject\source.cpp(309): warning C4101: 'temp' : unreferenced local variable
     1>c:\users\abdullah chaudhary\documents\visual studio 2012\projects\dsproject\dsproject\source.cpp(347): warning C4101: 'temp' : unreferenced local variable
     1>c:\users\abdullah chaudhary\documents\visual studio 2012\projects\dsproject\dsproject\source.cpp(385): warning C4101: 'temp' : unreferenced local variable
     1>c:\users\abdullah chaudhary\documents\visual studio 2012\projects\dsproject\dsproject\source.cpp(423): warning C4101: 'temp' : unreferenced local variable
     1>c:\users\abdullah chaudhary\documents\visual studio 2012\projects\dsproject\dsproject\source.cpp(671): warning C4996: 'getch': The POSIX name for this item is deprecated. Instead, use the ISO C++ conformant name: _getch. See online help for details.
                 c:\program files (x86)\microsoft visual studio 11.0\vc\include\conio.h(131) : see declaration of 'getch'
     1>c:\users\abdullah chaudhary\documents\visual studio 2012\projects\dsproject\dsproject\source.cpp(484): warning C4700: uninitialized local variable 'b_cur' used
     1>c:\users\abdullah chaudhary\documents\visual studio 2012\projects\dsproject\dsproject\source.cpp(542): warning C4700: uninitialized local variable 's_cur' used
       Link:
         C:\Program Files (x86)\Microsoft Visual Studio 11.0\VC\bin\link.exe /ERRORREPORT:PROMPT /OUT:"C:\Users\Abdullah Chaudhary\documents\visual studio 2012\Projects\DSProject\Debug\DSProject.exe" /INCREMENTAL /NOLOGO kernel32.lib user32.lib gdi32.lib winspool.lib comdlg32.lib advapi32.lib shell32.lib ole32.lib oleaut32.lib uuid.lib odbc32.lib odbccp32.lib /MANIFEST /MANIFESTUAC:"level='asInvoker' uiAccess='false'" /manifest:embed /DEBUG /PDB:"C:\Users\Abdullah Chaudhary\documents\visual studio 2012\Projects\DSProject\Debug\DSProject.pdb" /SUBSYSTEM:CONSOLE /TLBID:1 /DYNAMICBASE /NXCOMPAT /IMPLIB:"C:\Users\Abdullah Chaudhary\documents\visual studio 2012\Projects\DSProject\Debug\DSProject.lib" /MACHINE:X86 Debug\Source.obj
         DSProject.vcxproj -> C:\Users\Abdullah Chaudhary\documents\visual studio 2012\Projects\DSProject\Debug\DSProject.exe
     1>Done Building Project "C:\Users\Abdullah Chaudhary\documents\visual studio 2012\Projects\DSProject\DSProject\DSProject.vcxproj" (Build target(s)).

Build succeeded.

Time Elapsed 00:00:01.42
